#
# A fatal error has been detected by the Java Runtime Environment:
#
#  EXCEPTION_ACCESS_VIOLATION (0xc0000005) at pc=0x000000006da12831, pid=3588, tid=5940
#
# JRE version: 6.0_20-b02
# Java VM: Java HotSpot(TM) 64-Bit Server VM (16.3-b01 mixed mode windows-amd64 )
# Problematic frame:
# V  [jvm.dll+0x222831]
#
# If you would like to submit a bug report, please visit:
#   http://java.sun.com/webapps/bugreport/crash.jsp
#

---------------  T H R E A D  ---------------

Current thread (0x0000000049792000):  JavaThread "Java2D Disposer" daemon [_thread_in_vm, id=5940, stack(0x000000004a1e0000,0x000000004a2e0000)]

siginfo: ExceptionCode=0xc0000005, reading address 0x0000000000000011

Registers:
EAX=0x000000004a2df478, EBX=0x000000004968e9f8, ECX=0x0000000000000000, EDX=0x0000000049792000
ESP=0x000000004a2df3d0, EBP=0x0000000000000000, ESI=0x00000000496af110, EDI=0x000000004a2df650
EIP=0x000000006da12831, EFLAGS=0x0000000000010203

Top of Stack: (sp=0x000000004a2df3d0)
0x000000004a2df3d0:   0000000049792000 0000000049792000
0x000000004a2df3e0:   0000000000000000 0000000000000005
0x000000004a2df3f0:   0000000033db3ed8 000000006d8555de
0x000000004a2df400:   00000000496af110 000000004968e5c0
0x000000004a2df410:   000000004968e5d0 000000004968e9a8
0x000000004a2df420:   000000004968e800 0000000000000021
0x000000004a2df430:   0000000033db3ed8 0000000049792000
0x000000004a2df440:   0000000000000021 000000000000000c
0x000000004a2df450:   000000004968ea08 000000004a2df650
0x000000004a2df460:   00000000497921b8 000000006d9dcd70
0x000000004a2df470:   00000000c0010139 000000004968e9f0
0x000000004a2df480:   000000004a2df3a8 000000006db8d0f9
0x000000004a2df490:   000000004a2df471 000000006dc1ef72
0x000000004a2df4a0:   000000004968ea00 000000004968ea00
0x000000004a2df4b0:   0000e66a80a9441f 000000004968e9e8
0x000000004a2df4c0:   0000000000559710 000000006d9f5f4a 

Instructions: (pc=0x000000006da12831)
0x000000006da12821:   00 00 4c 89 2c c8 ff 84 24 98 01 00 00 4c 8b 03
0x000000006da12831:   49 8b 40 10 4d 8b 40 18 0f b7 48 42 4d 8b 44 c8 


Stack: [0x000000004a1e0000,0x000000004a2e0000],  sp=0x000000004a2df3d0,  free space=3fc0000000000000000k
Native frames: (J=compiled Java code, j=interpreted, Vv=VM code, C=native code)
V  [jvm.dll+0x222831]

[error occurred during error reporting (printing native stack), id 0xc0000005]

Java frames: (J=compiled Java code, j=interpreted, Vv=VM code)
j  java.awt.Cursor.finalizeImpl(J)V+0
j  java.awt.Cursor.access$000(J)V+1
j  java.awt.Cursor$CursorDisposer.dispose()V+13
j  sun.java2d.Disposer.run()V+26
j  java.lang.Thread.run()V+11
v  ~StubRoutines::call_stub

---------------  P R O C E S S  ---------------

Java Threads: ( => current thread )
  0x000000004e117000 JavaThread "TimerQueue" daemon [_thread_blocked, id=5372, stack(0x000000004e880000,0x000000004e980000)]
  0x000000000055b800 JavaThread "DestroyJavaVM" [_thread_blocked, id=3060, stack(0x00000000024c0000,0x00000000025c0000)]
  0x000000004d97c000 JavaThread "AWT-EventQueue-0" [_thread_blocked, id=6096, stack(0x000000004f3c0000,0x000000004f4c0000)]
  0x0000000049825800 JavaThread "AWT-Shutdown" [_thread_blocked, id=6088, stack(0x000000004a2e0000,0x000000004a3e0000)]
=>0x0000000049792000 JavaThread "Java2D Disposer" daemon [_thread_in_vm, id=5940, stack(0x000000004a1e0000,0x000000004a2e0000)]
  0x00000000496ae000 JavaThread "Low Memory Detector" daemon [_thread_blocked, id=5188, stack(0x0000000049c40000,0x0000000049d40000)]
  0x00000000496a9800 JavaThread "CompilerThread1" daemon [_thread_blocked, id=5996, stack(0x0000000049b40000,0x0000000049c40000)]
  0x0000000049693000 JavaThread "CompilerThread0" daemon [_thread_blocked, id=5772, stack(0x0000000049a40000,0x0000000049b40000)]
  0x0000000049690000 JavaThread "Attach Listener" daemon [_thread_blocked, id=4084, stack(0x0000000049940000,0x0000000049a40000)]
  0x000000004968a800 JavaThread "Signal Dispatcher" daemon [_thread_blocked, id=5836, stack(0x0000000049840000,0x0000000049940000)]
  0x0000000000521000 JavaThread "Finalizer" daemon [_thread_blocked, id=4052, stack(0x0000000049540000,0x0000000049640000)]
  0x000000000051f800 JavaThread "Reference Handler" daemon [_thread_blocked, id=3508, stack(0x0000000049440000,0x0000000049540000)]

Other Threads:
  0x000000000051b000 VMThread [stack: 0x0000000049340000,0x0000000049440000] [id=5168]
  0x00000000496ae800 WatcherThread [stack: 0x0000000049d40000,0x0000000049e40000] [id=3952]

VM state:not at safepoint (normal execution)

VM Mutex/Monitor currently owned by a thread: None

Heap
 PSYoungGen      total 18432K, used 3298K [0x0000000033d30000, 0x00000000351c0000, 0x0000000048680000)
  eden space 15808K, 4% used [0x0000000033d30000,0x0000000033ddc3f0,0x0000000034ca0000)
  from space 2624K, 99% used [0x0000000034f30000,0x00000000351bc650,0x00000000351c0000)
  to   space 2624K, 0% used [0x0000000034ca0000,0x0000000034ca0000,0x0000000034f30000)
 PSOldGen        total 42176K, used 5268K [0x000000000aa80000, 0x000000000d3b0000, 0x0000000033d30000)
  object space 42176K, 12% used [0x000000000aa80000,0x000000000afa5100,0x000000000d3b0000)
 PSPermGen       total 21248K, used 14748K [0x0000000005680000, 0x0000000006b40000, 0x000000000aa80000)
  object space 21248K, 69% used [0x0000000005680000,0x00000000064e70e8,0x0000000006b40000)

Dynamic libraries:
0x0000000000400000 - 0x000000000042e000 	C:\Program Files\Java\jre6\bin\javaw.exe
0x0000000077610000 - 0x00000000777bc000 	C:\Windows\SYSTEM32\ntdll.dll
0x00000000774f0000 - 0x000000007760f000 	C:\Windows\system32\kernel32.dll
0x000007fefd760000 - 0x000007fefd7cc000 	C:\Windows\system32\KERNELBASE.dll
0x000007feff290000 - 0x000007feff36b000 	C:\Windows\system32\ADVAPI32.dll
0x000007fefd940000 - 0x000007fefd9df000 	C:\Windows\system32\msvcrt.dll
0x000007feff600000 - 0x000007feff61f000 	C:\Windows\SYSTEM32\sechost.dll
0x000007feff130000 - 0x000007feff25e000 	C:\Windows\system32\RPCRT4.dll
0x00000000773f0000 - 0x00000000774ea000 	C:\Windows\system32\USER32.dll
0x000007feff8b0000 - 0x000007feff917000 	C:\Windows\system32\GDI32.dll
0x000007feff370000 - 0x000007feff37e000 	C:\Windows\system32\LPK.dll
0x000007fefd9e0000 - 0x000007fefdaaa000 	C:\Windows\system32\USP10.dll
0x000007fefd400000 - 0x000007fefd457000 	C:\Windows\system32\apphelp.dll
0x000007feeb2c0000 - 0x000007feeb311000 	C:\Windows\AppPatch\AppPatch64\AcGenral.DLL
0x000007fefd3d0000 - 0x000007fefd3f5000 	C:\Windows\system32\SspiCli.dll
0x000007fefe1d0000 - 0x000007fefe241000 	C:\Windows\system32\SHLWAPI.dll
0x000007fefdc80000 - 0x000007fefde82000 	C:\Windows\system32\ole32.dll
0x000007fefe250000 - 0x000007fefefd7000 	C:\Windows\system32\SHELL32.dll
0x0000000070390000 - 0x0000000070393000 	C:\Windows\system32\sfc.dll
0x000007fef8070000 - 0x000007fef8080000 	C:\Windows\system32\sfc_os.DLL
0x000007fefc8c0000 - 0x000007fefc8de000 	C:\Windows\system32\USERENV.dll
0x000007fefd570000 - 0x000007fefd57f000 	C:\Windows\system32\profapi.dll
0x000007fefb830000 - 0x000007fefb848000 	C:\Windows\system32\dwmapi.dll
0x000007fefa100000 - 0x000007fefa118000 	C:\Windows\system32\MPR.dll
0x000007feff260000 - 0x000007feff28e000 	C:\Windows\system32\IMM32.DLL
0x000007feff790000 - 0x000007feff899000 	C:\Windows\system32\MSCTF.dll
0x000000006d7f0000 - 0x000000006de95000 	C:\Program Files\Java\jre6\bin\server\jvm.dll
0x000007fef9d00000 - 0x000007fef9d3b000 	C:\Windows\system32\WINMM.dll
0x000000006d760000 - 0x000000006d76e000 	C:\Program Files\Java\jre6\bin\verify.dll
0x000000006d3b0000 - 0x000000006d3d7000 	C:\Program Files\Java\jre6\bin\java.dll
0x000000006d310000 - 0x000000006d31a000 	C:\Program Files\Java\jre6\bin\hpi.dll
0x00000000777d0000 - 0x00000000777d7000 	C:\Windows\system32\PSAPI.DLL
0x000000006d7b0000 - 0x000000006d7c2000 	C:\Program Files\Java\jre6\bin\zip.dll
0x000000006d000000 - 0x000000006d1c3000 	C:\Program Files\Java\jre6\bin\awt.dll
0x000007fefb880000 - 0x000007fefb8f0000 	C:\Windows\system32\WINSPOOL.DRV
0x000007fefc000000 - 0x000007fefc1f4000 	C:\Windows\WinSxS\amd64_microsoft.windows.common-controls_6595b64144ccf1df_6.0.7600.16661_none_fa62ad231704eab7\COMCTL32.dll
0x000007fefbcb0000 - 0x000007fefbd06000 	C:\Windows\system32\uxtheme.dll
0x000000006d2a0000 - 0x000000006d30b000 	C:\Program Files\Java\jre6\bin\fontmanager.dll
0x000007fefd4a0000 - 0x000007fefd4af000 	C:\Windows\system32\CRYPTBASE.dll
0x000000006c480000 - 0x000000006c8fb000 	C:\Windows\system32\atiumd64.dll
0x000000006bbf0000 - 0x000000006be87000 	C:\Windows\system32\atiumd6a.dll
0x000007fefce00000 - 0x000007fefce17000 	C:\Windows\system32\CRYPTSP.dll
0x000007fefcb00000 - 0x000007fefcb47000 	C:\Windows\system32\rsaenh.dll
0x000000006d600000 - 0x000000006d617000 	C:\Program Files\Java\jre6\bin\net.dll
0x000007feff740000 - 0x000007feff78d000 	C:\Windows\system32\WS2_32.dll
0x000007feff8a0000 - 0x000007feff8a8000 	C:\Windows\system32\NSI.dll
0x000007fefcda0000 - 0x000007fefcdf4000 	C:\Windows\system32\mswsock.dll
0x000007fefcd90000 - 0x000007fefcd97000 	C:\Windows\System32\wship6.dll
0x000007fefb5a0000 - 0x000007fefb5b5000 	C:\Windows\system32\NLAapi.dll
0x000007fefcc20000 - 0x000007fefcc7b000 	C:\Windows\system32\DNSAPI.dll
0x000007fef7bf0000 - 0x000007fef7bfb000 	C:\Windows\System32\winrnr.dll
0x000007fef5f90000 - 0x000007fef5fa5000 	C:\Windows\system32\napinsp.dll
0x000007fef5f70000 - 0x000007fef5f89000 	C:\Windows\system32\pnrpnsp.dll
0x0000000073e40000 - 0x0000000073e6e000 	C:\Program Files\Common Files\Microsoft Shared\Windows Live\WLIDNSP.DLL
0x000007fef7be0000 - 0x000007fef7bf0000 	C:\Windows\system32\wshbth.dll
0x0000000073e10000 - 0x0000000073e36000 	C:\Program Files\Bonjour\mdnsNSP.dll
0x000007fefaf80000 - 0x000007fefafa7000 	C:\Windows\system32\Iphlpapi.DLL
0x000007fefaf70000 - 0x000007fefaf7b000 	C:\Windows\system32\WINNSI.DLL
0x000007fefc7b0000 - 0x000007fefc7b7000 	C:\Windows\System32\wshtcpip.dll
0x000007fefa210000 - 0x000007fefa218000 	C:\Windows\system32\rasadhlp.dll
0x000007fefaec0000 - 0x000007fefaf13000 	C:\Windows\System32\fwpuclnt.dll
0x000000004a0c0000 - 0x000000004a125000 	C:\Program Files\WIDCOMM\Bluetooth Software\btmmhook.dll
0x000007fefe0f0000 - 0x000007fefe1c7000 	C:\Windows\system32\OLEAUT32.dll
0x000000006d620000 - 0x000000006d62b000 	C:\Program Files\Java\jre6\bin\nio.dll
0x000007feff560000 - 0x000007feff5f9000 	C:\Windows\system32\CLBCatQ.DLL
0x000000006d210000 - 0x000000006d238000 	C:\Program Files\Java\jre6\bin\dcpr.dll

VM Arguments:
jvm_args: -Dfile.encoding=Cp1252 
java_command: Circuit
Launcher Type: SUN_STANDARD

Environment Variables:
JAVA_HOME=C:\Program Files (x86)\Java\jdk1.7.0_04
PATH=C:\Program Files\Common Files\Microsoft Shared\Windows Live;C:\Windows\system32;C:\Windows;C:\Windows\System32\Wbem;C:\Windows\System32\WindowsPowerShell\v1.0\;C:\Program Files\WIDCOMM\Bluetooth Software\;C:\Program Files\WIDCOMM\Bluetooth Software\syswow64;\;C:\Program Files (x86)\Sony\VAIO Startup Setting Tool;c:\Program Files (x86)\ATI Technologies\ATI.ACE\Core-Static;C:\Program Files\SlikSvn\bin;C:\Program Files (x86)\Java\jdk1.7.0_04\bin;C:\Java\apache-maven-3.1.0\bin;
USERNAME=mahesh
OS=Windows_NT
PROCESSOR_IDENTIFIER=Intel64 Family 6 Model 37 Stepping 5, GenuineIntel



---------------  S Y S T E M  ---------------

OS: Windows 7 Build 7600 

CPU:total 4 (8 cores per cpu, 2 threads per core) family 6 model 37 stepping 5, cmov, cx8, fxsr, mmx, sse, sse2, sse3, ssse3, sse4.1, sse4.2, popcnt, ht

Memory: 4k page, physical 4044900k(2004228k free), swap 8087900k(5443516k free)

vm_info: Java HotSpot(TM) 64-Bit Server VM (16.3-b01) for windows-amd64 JRE (1.6.0_20-b02), built on Apr 12 2010 13:44:19 by "java_re" with MS VC++ 8.0 (VS2005)

time: Wed Nov 20 19:41:58 2013
elapsed time: 20 seconds

